<?xml version="1.0" encoding="UTF-8"?>
<testng-results ignored="0" total="1" passed="1" failed="0" skipped="0">
  <reporter-output>
    <line>
      <![CDATA[indhuis passsed]]>
    </line>
  </reporter-output>
  <suite started-at="2023-12-23T15:26:50 IST" name="Default suite" finished-at="2023-12-23T15:26:50 IST" duration-ms="46">
    <groups>
    </groups>
    <test started-at="2023-12-23T15:26:50 IST" name="Default test" finished-at="2023-12-23T15:26:50 IST" duration-ms="46">
      <class name="testmaven.IndhuTest">
        <test-method signature="demoTest()[pri:0, instance:testmaven.IndhuTest@50eac852]" started-at="2023-12-23T15:26:50 IST" name="demoTest" finished-at="2023-12-23T15:26:50 IST" duration-ms="9" status="PASS">
          <reporter-output>
            <line>
              <![CDATA[indhuis passsed]]>
            </line>
          </reporter-output>
        </test-method> <!-- demoTest -->
      </class> <!-- testmaven.IndhuTest -->
    </test> <!-- Default test -->
  </suite> <!-- Default suite -->
</testng-results>
